[2025-08-18 13:13:56.289 -06:00] [INF] [4] Main: Jellyfin version: "10.10.7"
[2025-08-18 13:13:56.301 -06:00] [INF] [4] Main: Environment Variables: ["[JELLYFIN_WEB_DIR, /usr/share/jellyfin/web]", "[JELLYFIN_CACHE_DIR, /config/cache]", "[JELLYFIN_LOG_DIR, /config/log]", "[JELLYFIN_DATA_DIR, /config/data]", "[JELLYFIN_CONFIG_DIR, /config]"]
[2025-08-18 13:13:56.302 -06:00] [INF] [4] Main: Arguments: ["/usr/lib/jellyfin/bin/jellyfin.dll", "--ffmpeg=/usr/lib/jellyfin-ffmpeg/ffmpeg"]
[2025-08-18 13:13:56.303 -06:00] [INF] [4] Main: Operating system: "Ubuntu 24.04.3 LTS"
[2025-08-18 13:13:56.303 -06:00] [INF] [4] Main: Architecture: Arm64
[2025-08-18 13:13:56.303 -06:00] [INF] [4] Main: 64-Bit Process: True
[2025-08-18 13:13:56.303 -06:00] [INF] [4] Main: User Interactive: True
[2025-08-18 13:13:56.303 -06:00] [INF] [4] Main: Processor count: 5
[2025-08-18 13:13:56.303 -06:00] [INF] [4] Main: Program data path: "/config/data"
[2025-08-18 13:13:56.303 -06:00] [INF] [4] Main: Log directory path: "/config/log"
[2025-08-18 13:13:56.303 -06:00] [INF] [4] Main: Config directory path: "/config"
[2025-08-18 13:13:56.303 -06:00] [INF] [4] Main: Cache path: "/config/cache"
[2025-08-18 13:13:56.303 -06:00] [INF] [4] Main: Temp directory path: "/tmp/jellyfin"
[2025-08-18 13:13:56.303 -06:00] [INF] [4] Main: Web resources path: "/usr/share/jellyfin/web"
[2025-08-18 13:13:56.303 -06:00] [INF] [4] Main: Application directory: "/usr/lib/jellyfin/bin/"
[2025-08-18 13:13:56.310 -06:00] [INF] [4] Jellyfin.Server.Migrations.MigrationRunner: Marking following migrations as applied because this is a fresh install: ["CreateNetworkConfiguration", "MigrateMusicBrainzTimeout", "MigrateNetworkConfiguration", "MigrateEncodingOptions"]
[2025-08-18 13:13:56.342 -06:00] [INF] [4] Emby.Server.Implementations.AppBase.BaseConfigurationManager: Setting cache path: "/config/cache"
[2025-08-18 13:13:56.361 -06:00] [INF] [4] Emby.Server.Implementations.ApplicationHost: Loading assemblies
[2025-08-18 13:13:56.397 -06:00] [INF] [4] Jellyfin.Networking.Manager.NetworkManager: Defined LAN subnets: ["127.0.0.1/8", "10.0.0.0/8", "172.16.0.0/12", "192.168.0.0/16"]
[2025-08-18 13:13:56.397 -06:00] [INF] [4] Jellyfin.Networking.Manager.NetworkManager: Defined LAN exclusions: []
[2025-08-18 13:13:56.398 -06:00] [INF] [4] Jellyfin.Networking.Manager.NetworkManager: Used LAN subnets: ["127.0.0.1/8", "10.0.0.0/8", "172.16.0.0/12", "192.168.0.0/16"]
[2025-08-18 13:13:56.398 -06:00] [INF] [4] Jellyfin.Networking.Manager.NetworkManager: Filtered interface addresses: ["127.0.0.1", "172.20.0.8"]
[2025-08-18 13:13:56.398 -06:00] [INF] [4] Jellyfin.Networking.Manager.NetworkManager: Bind Addresses ["0.0.0.0"]
[2025-08-18 13:13:56.398 -06:00] [INF] [4] Jellyfin.Networking.Manager.NetworkManager: Remote IP filter is "Allowlist"
[2025-08-18 13:13:56.398 -06:00] [INF] [4] Jellyfin.Networking.Manager.NetworkManager: Filtered subnets: []
[2025-08-18 13:13:56.744 -06:00] [INF] [4] Emby.Server.Implementations.ApplicationHost: There are pending EFCore migrations in the database. Applying... (This may take a while, do not stop Jellyfin)
[2025-08-18 13:13:56.843 -06:00] [WRN] [4] Microsoft.EntityFrameworkCore.Migrations: An operation of type '"SqlOperation"' will be attempted while a rebuild of table '"ImageInfos"' is pending. The database may not be in an expected state. Review the SQL generated by this migration to help diagnose any failures. Consider moving these operations to a subsequent migration.
[2025-08-18 13:13:56.843 -06:00] [WRN] [4] Microsoft.EntityFrameworkCore.Migrations: An operation of type '"SqlOperation"' will be attempted while a rebuild of table '"ImageInfos"' is pending. The database may not be in an expected state. Review the SQL generated by this migration to help diagnose any failures. Consider moving these operations to a subsequent migration.
[2025-08-18 13:13:56.844 -06:00] [WRN] [4] Microsoft.EntityFrameworkCore.Migrations: An operation of type '"SqlOperation"' will be attempted while a rebuild of table '"Permissions"' is pending. The database may not be in an expected state. Review the SQL generated by this migration to help diagnose any failures. Consider moving these operations to a subsequent migration.
[2025-08-18 13:13:56.844 -06:00] [WRN] [4] Microsoft.EntityFrameworkCore.Migrations: An operation of type '"SqlOperation"' will be attempted while a rebuild of table '"Permissions"' is pending. The database may not be in an expected state. Review the SQL generated by this migration to help diagnose any failures. Consider moving these operations to a subsequent migration.
[2025-08-18 13:13:56.844 -06:00] [WRN] [4] Microsoft.EntityFrameworkCore.Migrations: An operation of type '"SqlOperation"' will be attempted while a rebuild of table '"Preferences"' is pending. The database may not be in an expected state. Review the SQL generated by this migration to help diagnose any failures. Consider moving these operations to a subsequent migration.
[2025-08-18 13:13:56.844 -06:00] [WRN] [4] Microsoft.EntityFrameworkCore.Migrations: An operation of type '"SqlOperation"' will be attempted while a rebuild of table '"Preferences"' is pending. The database may not be in an expected state. Review the SQL generated by this migration to help diagnose any failures. Consider moving these operations to a subsequent migration.
[2025-08-18 13:13:56.845 -06:00] [WRN] [4] Microsoft.EntityFrameworkCore.Migrations: An operation of type '"SqlOperation"' will be attempted while a rebuild of table '"Users"' is pending. The database may not be in an expected state. Review the SQL generated by this migration to help diagnose any failures. Consider moving these operations to a subsequent migration.
[2025-08-18 13:13:56.845 -06:00] [WRN] [4] Microsoft.EntityFrameworkCore.Migrations: An operation of type '"SqlOperation"' will be attempted while a rebuild of table '"Users"' is pending. The database may not be in an expected state. Review the SQL generated by this migration to help diagnose any failures. Consider moving these operations to a subsequent migration.
[2025-08-18 13:13:56.931 -06:00] [INF] [4] Emby.Server.Implementations.ApplicationHost: EFCore migrations applied successfully
[2025-08-18 13:13:57.105 -06:00] [INF] [4] Emby.Server.Implementations.AppBase.BaseConfigurationManager: Saving system configuration
[2025-08-18 13:13:57.106 -06:00] [INF] [4] Emby.Server.Implementations.AppBase.BaseConfigurationManager: Setting cache path: "/config/cache"
[2025-08-18 13:13:57.107 -06:00] [INF] [4] Emby.Server.Implementations.Plugins.PluginManager: Loaded plugin: "TMDb" "10.10.7.0"
[2025-08-18 13:13:57.107 -06:00] [INF] [4] Emby.Server.Implementations.Plugins.PluginManager: Loaded plugin: "Studio Images" "10.10.7.0"
[2025-08-18 13:13:57.108 -06:00] [INF] [4] Emby.Server.Implementations.Plugins.PluginManager: Loaded plugin: "OMDb" "10.10.7.0"
[2025-08-18 13:13:57.112 -06:00] [INF] [4] Emby.Server.Implementations.Plugins.PluginManager: Loaded plugin: "MusicBrainz" "10.10.7.0"
[2025-08-18 13:13:57.112 -06:00] [INF] [4] Emby.Server.Implementations.Plugins.PluginManager: Loaded plugin: "AudioDB" "10.10.7.0"
[2025-08-18 13:13:57.129 -06:00] [INF] [4] Jellyfin.Server.Migrations.MigrationRunner: Marking following migrations as applied because this is a fresh install: ["DisableTranscodingThrottling", "CreateLoggingConfigHeirarchy", "MigrateActivityLogDatabase", "RemoveDuplicateExtras", "MigrateUserDatabase", "MigrateDisplayPreferencesDatabase", "RemoveDownloadImagesInAdvance", "MigrateAuthenticationDatabase", "FixPlaylistOwner", "MigrateRatingLevels", "FixAudioData", "RemoveDuplicatePlaylistChildren"]
[2025-08-18 13:13:57.130 -06:00] [INF] [4] Jellyfin.Server.Migrations.MigrationRunner: Applying migration '"AddDefaultPluginRepository"'
[2025-08-18 13:13:57.130 -06:00] [INF] [4] Emby.Server.Implementations.AppBase.BaseConfigurationManager: Saving system configuration
[2025-08-18 13:13:57.131 -06:00] [INF] [4] Emby.Server.Implementations.AppBase.BaseConfigurationManager: Setting cache path: "/config/cache"
[2025-08-18 13:13:57.131 -06:00] [INF] [4] Jellyfin.Server.Migrations.MigrationRunner: Migration '"AddDefaultPluginRepository"' applied successfully
[2025-08-18 13:13:57.132 -06:00] [INF] [4] Jellyfin.Server.Migrations.MigrationRunner: Applying migration '"ReaddDefaultPluginRepository"'
[2025-08-18 13:13:57.132 -06:00] [INF] [4] Jellyfin.Server.Migrations.MigrationRunner: Migration '"ReaddDefaultPluginRepository"' applied successfully
[2025-08-18 13:13:57.132 -06:00] [INF] [4] Jellyfin.Server.Migrations.MigrationRunner: Applying migration '"AddDefaultCastReceivers"'
[2025-08-18 13:13:57.132 -06:00] [INF] [4] Emby.Server.Implementations.AppBase.BaseConfigurationManager: Saving system configuration
[2025-08-18 13:13:57.139 -06:00] [INF] [4] Emby.Server.Implementations.AppBase.BaseConfigurationManager: Setting cache path: "/config/cache"
[2025-08-18 13:13:57.139 -06:00] [INF] [4] Jellyfin.Server.Migrations.MigrationRunner: Migration '"AddDefaultCastReceivers"' applied successfully
[2025-08-18 13:13:57.139 -06:00] [INF] [4] Jellyfin.Server.Migrations.MigrationRunner: Applying migration '"UpdateDefaultPluginRepository10.9"'
[2025-08-18 13:13:57.139 -06:00] [INF] [4] Emby.Server.Implementations.AppBase.BaseConfigurationManager: Saving system configuration
[2025-08-18 13:13:57.140 -06:00] [INF] [4] Emby.Server.Implementations.AppBase.BaseConfigurationManager: Setting cache path: "/config/cache"
[2025-08-18 13:13:57.140 -06:00] [INF] [4] Jellyfin.Server.Migrations.MigrationRunner: Migration '"UpdateDefaultPluginRepository10.9"' applied successfully
[2025-08-18 13:13:57.140 -06:00] [INF] [4] Jellyfin.Server.Migrations.MigrationRunner: Applying migration '"MoveTrickplayFiles"'
[2025-08-18 13:13:57.172 -06:00] [INF] [4] Jellyfin.Server.Migrations.Routines.MoveTrickplayFiles: Moved 0 items in 00:00:00.0315680
[2025-08-18 13:13:57.173 -06:00] [INF] [4] Jellyfin.Server.Migrations.MigrationRunner: Migration '"MoveTrickplayFiles"' applied successfully
[2025-08-18 13:13:57.184 -06:00] [INF] [4] Main: Kestrel is listening on "0.0.0.0"
[2025-08-18 13:13:57.191 -06:00] [WRN] [4] Microsoft.AspNetCore.DataProtection.KeyManagement.XmlKeyManager: No XML encryptor configured. Key {ce3ffc73-5e13-4719-97a9-17f27cb3d16c} may be persisted to storage in unencrypted form.
[2025-08-18 13:13:57.350 -06:00] [WRN] [4] Microsoft.AspNetCore.StaticFiles.StaticFileMiddleware: The WebRootPath was not found: "/run/s6-rc:s6-rc-init:nBOHlf/servicedirs/svc-jellyfin/wwwroot". Static files may be unavailable.
[2025-08-18 13:13:57.392 -06:00] [INF] [4] Emby.Server.Implementations.ApplicationHost: Running startup tasks
[2025-08-18 13:13:57.402 -06:00] [INF] [4] Emby.Server.Implementations.ScheduledTasks.TaskManager: Daily trigger for "Generate Trickplay Images" set to fire at 2025-08-19 03:00:00.000 -06:00, which is 13:46:02.5974051 from now.
[2025-08-18 13:13:57.404 -06:00] [INF] [4] Emby.Server.Implementations.ScheduledTasks.TaskManager: Daily trigger for "Extract Chapter Images" set to fire at 2025-08-19 02:00:00.000 -06:00, which is 12:46:02.5955294 from now.
[2025-08-18 13:13:57.445 -06:00] [INF] [4] MediaBrowser.MediaEncoding.Encoder.MediaEncoder: Found ffmpeg version "7.1.1"
[2025-08-18 13:13:57.471 -06:00] [INF] [4] MediaBrowser.MediaEncoding.Encoder.MediaEncoder: Available "decoders": ["libdav1d", "av1", "av1_cuvid", "av1_rkmpp", "h264", "h264_rkmpp", "h264_cuvid", "hevc", "hevc_rkmpp", "hevc_cuvid", "mpeg1_rkmpp", "mpeg2video", "mpeg2_rkmpp", "mpeg2_cuvid", "mpeg4", "mpeg4_rkmpp", "mpeg4_cuvid", "msmpeg4", "vc1_cuvid", "vp8", "vp8_rkmpp", "libvpx", "vp8_cuvid", "vp9", "vp9_rkmpp", "libvpx-vp9", "vp9_cuvid", "aac", "ac3", "ac4", "dca", "flac", "mp3", "truehd"]
[2025-08-18 13:13:57.483 -06:00] [INF] [4] MediaBrowser.MediaEncoding.Encoder.MediaEncoder: Available "encoders": ["libsvtav1", "av1_nvenc", "libx264", "h264_nvenc", "h264_v4l2m2m", "h264_rkmpp", "libx265", "hevc_nvenc", "hevc_rkmpp", "mjpeg_rkmpp", "aac", "libfdk_aac", "ac3", "alac", "dca", "flac", "libmp3lame", "libopus", "truehd", "libvorbis", "srt"]
[2025-08-18 13:13:57.496 -06:00] [INF] [4] MediaBrowser.MediaEncoding.Encoder.MediaEncoder: Available filters: ["bwdif_cuda", "hwupload_cuda", "overlay_opencl", "overlay_cuda", "overlay_rkrga", "scale_cuda", "scale_opencl", "scale_rkrga", "tonemapx", "tonemap_cuda", "tonemap_opencl", "transpose_cuda", "transpose_opencl", "vpp_rkrga", "yadif_cuda", "zscale", "alphasrc"]
[2025-08-18 13:13:57.546 -06:00] [WRN] [4] MediaBrowser.MediaEncoding.Encoder.MediaEncoder: Filter: "overlay_vaapi" with option "Action to take when encountering EOF from secondary input" is not available
[2025-08-18 13:13:57.555 -06:00] [WRN] [4] MediaBrowser.MediaEncoding.Encoder.MediaEncoder: Filter: "overlay_vulkan" with option "Action to take when encountering EOF from secondary input" is not available
[2025-08-18 13:13:57.575 -06:00] [INF] [4] MediaBrowser.MediaEncoding.Encoder.MediaEncoder: Available hwaccel types: ["cuda", "drm", "opencl", "rkmpp"]
[2025-08-18 13:14:00.413 -06:00] [INF] [12] Emby.Server.Implementations.ScheduledTasks.TaskManager: "Clean Transcode Directory" Completed after 0 minute(s) and 0 seconds
[2025-08-18 13:14:00.415 -06:00] [INF] [17] Emby.Server.Implementations.ScheduledTasks.TaskManager: "Clean up collections and playlists" Completed after 0 minute(s) and 0 seconds
[2025-08-18 13:14:02.875 -06:00] [INF] [18] Emby.Server.Implementations.ScheduledTasks.TaskManager: "Update Plugins" Completed after 0 minute(s) and 2 seconds
[2025-08-18 13:14:03.704 -06:00] [INF] [4] MediaBrowser.MediaEncoding.Encoder.MediaEncoder: FFmpeg: "/usr/lib/jellyfin-ffmpeg/ffmpeg"
[2025-08-18 13:14:03.708 -06:00] [INF] [4] Emby.Server.Implementations.ApplicationHost: ServerId: "793d6b853c0b4810823c8a73b05345df"
[2025-08-18 13:14:03.708 -06:00] [INF] [4] Emby.Server.Implementations.ApplicationHost: Core startup complete
[2025-08-18 13:14:03.708 -06:00] [INF] [4] Main: Startup complete 0:00:07.4809714
[2025-08-18 13:27:46.065 -06:00] [INF] [3] Emby.Server.Implementations.Session.SessionManager: Sending shutdown notifications
[2025-08-18 13:27:46.075 -06:00] [INF] [16] Jellyfin.Networking.PortForwardingHost: Stopping NAT discovery
[2025-08-18 13:27:46.079 -06:00] [INF] [4] Main: Running query planner optimizations in the database... This might take a while
[2025-08-18 13:27:46.104 -06:00] [INF] [4] Emby.Server.Implementations.ApplicationHost: Disposing "CoreAppHost"
[2025-08-18 13:27:46.104 -06:00] [INF] [4] Emby.Server.Implementations.ApplicationHost: Disposing "MusicBrainzArtistProvider"
[2025-08-18 13:27:46.104 -06:00] [INF] [4] Emby.Server.Implementations.ApplicationHost: Disposing "MusicBrainzAlbumProvider"
[2025-08-18 13:27:46.104 -06:00] [INF] [4] Emby.Server.Implementations.ApplicationHost: Disposing "PluginManager"
