2025-08-18 13:14:15,882 DEBUG: Read config[LOGDIR]=/config/log [configtypes.py:151 (MAIN)]
2025-08-18 13:14:15,883 DEBUG: Read config[LOGSPECIALDEBUG]= [configtypes.py:151 (MAIN)]
2025-08-18 13:14:15,902 INFO: Apprise library (1.9.4) installed [startup.py:230 (MAIN)]
2025-08-18 13:14:16,141 INFO: Database is v0, integrity check: ok [startup.py:280 (MAIN)]
2025-08-18 13:14:16,142 INFO: Creating new database, version 88 [dbupgrade.py:202 (MAIN)]
2025-08-18 13:14:16,182 INFO: Config file /config/config.ini has been saved with 5 items [config2.py:375 (CONFIG2_WRITE)]
2025-08-18 13:14:16,232 ERROR: Config[HC_KEY]: read_error [configtypes.py:892 (MAIN)]
2025-08-18 13:14:16,235 INFO: Added 0 new authors from book files [multiauth.py:121 (MULTIAUTH_BOOKFILES)]
2025-08-18 13:14:16,236 INFO: Database check found 0 errors [dbupgrade.py:817 (MAIN)]
2025-08-18 13:14:16,247 INFO: Database updated to version 88 [dbupgrade.py:318 (MAIN)]
2025-08-18 13:14:16,628 INFO: Loaded genres from /app/lazylibrarian/example.genres.json [startup.py:423 (MAIN)]
2025-08-18 13:14:16,760 INFO: Bookstrap found 16 themes [startup.py:374 (MAIN)]
2025-08-18 13:14:17,157 WARNING: Could not get difference status from git: {'message': '404 Ref Not Found'} [versioncheck.py:429 (MAIN)]
2025-08-18 13:14:17,158 INFO: Unknown version of lazylibrarian (5046422b)
Run lazylibrarian with --update to identify your version [versioncheck.py:450 (MAIN)]
2025-08-18 13:14:17,168 INFO: Starting LazyLibrarian on port: 5299, webroot "" [LazyLibrarian.py:74 (MAIN)]
2025-08-18 13:14:17,169 INFO: Starting LazyLibrarian web server on http://0.0.0.0:5299 [webStart.py:78 (MAIN)]
2025-08-18 13:14:17,289 INFO: Scheduler started [base.py:214 (MAIN)]
2025-08-18 13:14:17,296 INFO: Added job "PostProcessor" to job store "default" [base.py:1090 (MAIN)]
2025-08-18 13:14:17,300 INFO: Added job "cron_search_wishlist" to job store "default" [base.py:1090 (MAIN)]
2025-08-18 13:14:17,303 INFO: Added job "check_for_updates" to job store "default" [base.py:1090 (MAIN)]
2025-08-18 13:14:17,307 INFO: Added job "clean_cache" to job store "default" [base.py:1090 (MAIN)]
2025-08-18 13:14:17,310 INFO: Added job "cron_dbbackup" to job store "default" [base.py:1090 (MAIN)]
2025-08-18 13:14:17,315 INFO: Added job "author_update" to job store "default" [base.py:1090 (MAIN)]
2025-08-18 13:14:17,319 INFO: Added job "series_update" to job store "default" [base.py:1090 (MAIN)]
2025-08-18 13:15:17,006 INFO: Running job "PostProcessor (trigger: interval[0:10:00], next run at: 2025-08-18 13:25:17 MDT)" (scheduled at 2025-08-18 13:15:17-06:00) [base.py:129 (ThreadPoolExecutor-0_0)]
2025-08-18 13:15:17,007 INFO: Running job "author_update (trigger: interval[24 days, 0:00:00], next run at: 2025-09-11 13:15:17 MDT)" (scheduled at 2025-08-18 13:15:17-06:00) [base.py:129 (ThreadPoolExecutor-0_1)]
2025-08-18 13:15:17,008 INFO: Running job "cron_dbbackup (trigger: interval[30 days, 0:00:00], next run at: 2025-09-17 13:15:17 MDT)" (scheduled at 2025-08-18 13:15:17-06:00) [base.py:129 (ThreadPoolExecutor-0_2)]
2025-08-18 13:15:17,009 INFO: Running job "clean_cache (trigger: interval[30 days, 0:00:00], next run at: 2025-09-17 13:15:17 MDT)" (scheduled at 2025-08-18 13:15:17-06:00) [base.py:129 (ThreadPoolExecutor-0_3)]
2025-08-18 13:15:17,009 INFO: Running job "cron_search_wishlist (trigger: interval[2:00:00], next run at: 2025-08-18 15:15:17 MDT)" (scheduled at 2025-08-18 13:15:17-06:00) [base.py:129 (ThreadPoolExecutor-0_4)]
2025-08-18 13:15:17,010 INFO: Running job "series_update (trigger: interval[24 days, 0:00:00], next run at: 2025-09-11 13:15:17 MDT)" (scheduled at 2025-08-18 13:15:17-06:00) [base.py:129 (ThreadPoolExecutor-0_5)]
2025-08-18 13:15:17,062 INFO: Removed job search_wishlist [base.py:728 (SEARCHWISHLIST)]
2025-08-18 13:15:17,063 INFO: Job "author_update (trigger: interval[24 days, 0:00:00], next run at: 2025-09-11 13:15:17 MDT)" executed successfully [base.py:156 (ThreadPoolExecutor-0_1)]
2025-08-18 13:15:17,068 INFO: Job "cron_search_wishlist (trigger: interval[2:00:00], next run at: 2025-08-18 15:15:17 MDT)" executed successfully [base.py:156 (WEBSERVER)]
2025-08-18 13:15:17,069 INFO: Job "series_update (trigger: interval[24 days, 0:00:00], next run at: 2025-09-11 13:15:17 MDT)" executed successfully [base.py:156 (ThreadPoolExecutor-0_5)]
2025-08-18 13:15:17,071 INFO: 0 downloads processed. [postprocess.py:1599 (POSTPROCESS)]
2025-08-18 13:15:17,071 INFO: Found 0 unprocessed [postprocess.py:1604 (POSTPROCESS)]
2025-08-18 13:15:17,072 INFO: Nothing marked as snatched or seeding. Stopping postprocessor. [postprocess.py:1731 (POSTPROCESS)]
2025-08-18 13:15:17,072 INFO: Removed job PostProcessor [base.py:728 (POSTPROCESS)]
2025-08-18 13:15:17,072 INFO: Job "cron_dbbackup (trigger: interval[30 days, 0:00:00], next run at: 2025-09-17 13:15:17 MDT)" executed successfully [base.py:156 (ThreadPoolExecutor-0_2)]
2025-08-18 13:15:17,073 INFO: Job "PostProcessor (trigger: interval[0:10:00], next run at: 2025-08-18 13:25:17 MDT)" executed successfully [base.py:156 (ThreadPoolExecutor-0_0)]
2025-08-18 13:15:17,228 INFO: Job "clean_cache (trigger: interval[30 days, 0:00:00], next run at: 2025-09-17 13:15:17 MDT)" executed successfully [base.py:156 (ThreadPoolExecutor-0_3)]
2025-08-18 13:27:56,448 INFO: Scheduler has been shut down [base.py:245 (MAIN)]
2025-08-18 13:27:56,478 ERROR: Config READ_ERR: HC_KEY, 1 times [config2.py:507 (MAIN)]
2025-08-18 13:27:56,482 INFO: Config file /config/config.ini has been saved with 9 items [config2.py:375 (CONFIG2_WRITE)]
2025-08-18 13:27:56,507 INFO: LazyLibrarian (pid 2141) is shutting down... [startup.py:722 (MAIN)]
